[    11.931] (--) Log file renamed from "/home/xue/.local/share/xorg/Xorg.pid-1504.log" to "/home/xue/.local/share/xorg/Xorg.0.log"
[    11.932] 
X.Org X Server 1.20.11
X Protocol Version 11, Revision 0
[    11.932] Build Operating System: linux Ubuntu
[    11.932] Current Operating System: Linux ubuntu 5.8.0-61-generic #68~20.04.1-Ubuntu SMP Wed Jun 30 10:32:39 UTC 2021 x86_64
[    11.932] Kernel command line: BOOT_IMAGE=/boot/vmlinuz-5.8.0-61-generic root=UUID=23594b4d-832d-407c-9328-6859f706ef1e ro find_preseed=/preseed.cfg auto noprompt priority=critical locale=en_US quiet
[    11.932] Build Date: 31 May 2021  03:24:16PM
[    11.932] xorg-server 2:1.20.11-1ubuntu1~20.04.1 (For technical support please see http://www.ubuntu.com/support) 
[    11.932] Current version of pixman: 0.38.4
[    11.932] 	Before reporting problems, check http://wiki.x.org
	to make sure that you have the latest version.
[    11.932] Markers: (--) probed, (**) from config file, (==) default setting,
	(++) from command line, (!!) notice, (II) informational,
	(WW) warning, (EE) error, (NI) not implemented, (??) unknown.
[    11.933] (==) Log file: "/home/xue/.local/share/xorg/Xorg.0.log", Time: Tue Jul  6 05:20:31 2021
[    11.934] (==) Using system config directory "/usr/share/X11/xorg.conf.d"
[    11.936] (==) No Layout section.  Using the first Screen section.
[    11.936] (==) No screen section available. Using defaults.
[    11.936] (**) |-->Screen "Default Screen Section" (0)
[    11.936] (**) |   |-->Monitor "<default monitor>"
[    11.936] (==) No monitor specified for screen "Default Screen Section".
	Using a default monitor configuration.
[    11.936] (==) Automatically adding devices
[    11.936] (==) Automatically enabling devices
[    11.936] (==) Automatically adding GPU devices
[    11.936] (==) Automatically binding GPU devices
[    11.936] (==) Max clients allowed: 256, resource mask: 0x1fffff
[    11.937] (WW) The directory "/usr/share/fonts/X11/cyrillic" does not exist.
[    11.937] 	Entry deleted from font path.
[    11.937] (WW) The directory "/usr/share/fonts/X11/100dpi/" does not exist.
[    11.937] 	Entry deleted from font path.
[    11.937] (WW) The directory "/usr/share/fonts/X11/75dpi/" does not exist.
[    11.937] 	Entry deleted from font path.
[    11.937] (WW) The directory "/usr/share/fonts/X11/100dpi" does not exist.
[    11.937] 	Entry deleted from font path.
[    11.937] (WW) The directory "/usr/share/fonts/X11/75dpi" does not exist.
[    11.937] 	Entry deleted from font path.
[    11.937] (==) FontPath set to:
	/usr/share/fonts/X11/misc,
	/usr/share/fonts/X11/Type1,
	built-ins
[    11.937] (==) ModulePath set to "/usr/lib/xorg/modules"
[    11.937] (II) The server relies on udev to provide the list of input devices.
	If no devices become available, reconfigure udev or disable AutoAddDevices.
[    11.937] (II) Loader magic: 0x55629a0b0020
[    11.937] (II) Module ABI versions:
[    11.937] 	X.Org ANSI C Emulation: 0.4
[    11.937] 	X.Org Video Driver: 24.1
[    11.937] 	X.Org XInput driver : 24.1
[    11.937] 	X.Org Server Extension : 10.0
[    11.938] (++) using VT number 2

[    11.939] (II) systemd-logind: took control of session /org/freedesktop/login1/session/_32
[    11.939] (II) xfree86: Adding drm device (/dev/dri/card0)
[    11.940] (II) systemd-logind: got fd for /dev/dri/card0 226:0 fd 12 paused 0
[    11.942] (--) PCI:*(0@0:15:0) 15ad:0405:15ad:0405 rev 0, Mem @ 0xe8000000/134217728, 0xfe000000/8388608, I/O @ 0x00001070/16, BIOS @ 0x????????/131072
[    11.943] (II) LoadModule: "glx"
[    11.944] (II) Loading /usr/lib/xorg/modules/extensions/libglx.so
[    11.948] (II) Module glx: vendor="X.Org Foundation"
[    11.948] 	compiled for 1.20.11, module version = 1.0.0
[    11.948] 	ABI class: X.Org Server Extension, version 10.0
[    11.948] (==) Matched vmware as autoconfigured driver 0
[    11.948] (==) Matched modesetting as autoconfigured driver 1
[    11.948] (==) Matched fbdev as autoconfigured driver 2
[    11.948] (==) Matched vesa as autoconfigured driver 3
[    11.949] (==) Assigned the driver to the xf86ConfigLayout
[    11.949] (II) LoadModule: "vmware"
[    11.949] (II) Loading /usr/lib/xorg/modules/drivers/vmware_drv.so
[    12.037] (II) Module vmware: vendor="X.Org Foundation"
[    12.037] 	compiled for 1.20.8, module version = 13.3.0
[    12.037] 	Module class: X.Org Video Driver
[    12.037] 	ABI class: X.Org Video Driver, version 24.1
[    12.037] (II) LoadModule: "modesetting"
[    12.040] (II) Loading /usr/lib/xorg/modules/drivers/modesetting_drv.so
[    12.041] (II) Module modesetting: vendor="X.Org Foundation"
[    12.041] 	compiled for 1.20.11, module version = 1.20.11
[    12.041] 	Module class: X.Org Video Driver
[    12.041] 	ABI class: X.Org Video Driver, version 24.1
[    12.041] (II) LoadModule: "fbdev"
[    12.041] (II) Loading /usr/lib/xorg/modules/drivers/fbdev_drv.so
[    12.042] (II) Module fbdev: vendor="X.Org Foundation"
[    12.042] 	compiled for 1.20.1, module version = 0.5.0
[    12.042] 	Module class: X.Org Video Driver
[    12.042] 	ABI class: X.Org Video Driver, version 24.0
[    12.042] (II) LoadModule: "vesa"
[    12.042] (II) Loading /usr/lib/xorg/modules/drivers/vesa_drv.so
[    12.043] (II) Module vesa: vendor="X.Org Foundation"
[    12.043] 	compiled for 1.20.4, module version = 2.4.0
[    12.043] 	Module class: X.Org Video Driver
[    12.043] 	ABI class: X.Org Video Driver, version 24.0
[    12.043] (II) vmware: driver for VMware SVGA: vmware0405, vmware0710
[    12.043] (II) modesetting: Driver for Modesetting Kernel Drivers: kms
[    12.043] (II) FBDEV: driver for framebuffer: fbdev
[    12.043] (II) VESA: driver for VESA chipsets: vesa
[    12.043] xf86EnableIOPorts: failed to set IOPL for I/O (Operation not permitted)
[    12.043] (WW) Falling back to old probe method for modesetting
[    12.044] (WW) Falling back to old probe method for fbdev
[    12.044] (II) Loading sub module "fbdevhw"
[    12.044] (II) LoadModule: "fbdevhw"
[    12.044] (II) Loading /usr/lib/xorg/modules/libfbdevhw.so
[    12.044] (II) Module fbdevhw: vendor="X.Org Foundation"
[    12.044] 	compiled for 1.20.11, module version = 0.0.2
[    12.045] 	ABI class: X.Org Video Driver, version 24.1
[    12.045] (EE) open /dev/fb0: Permission denied
[    12.045] (WW) VGA arbiter: cannot open kernel arbiter, no multi-card support
[    12.045] (II) vmware(0): Creating default Display subsection in Screen section
	"Default Screen Section" for depth/fbbpp 24/32
[    12.045] (--) vmware(0): DRM driver version is 2.18.0
[    12.045] (==) vmware(0): Depth 24, (--) framebuffer bpp 32
[    12.045] (==) vmware(0): RGB weight 888
[    12.045] (==) vmware(0): Default visual is TrueColor
[    12.045] (--) vmware(0): Min width 1, Max Width 8192.
[    12.045] (--) vmware(0): Min height 1, Max Height 8192.
[    12.046] (II) vmware(0): Output Virtual1 has no monitor section
[    12.046] (II) vmware(0): Output Virtual2 has no monitor section
[    12.046] (II) vmware(0): Output Virtual3 has no monitor section
[    12.046] (II) vmware(0): Output Virtual4 has no monitor section
[    12.046] (II) vmware(0): Output Virtual5 has no monitor section
[    12.046] (II) vmware(0): Output Virtual6 has no monitor section
[    12.046] (II) vmware(0): Output Virtual7 has no monitor section
[    12.046] (II) vmware(0): Output Virtual8 has no monitor section
[    12.047] (II) vmware(0): Printing probed modes for output Virtual1
[    12.047] (II) vmware(0): Modeline "1918x926"x60.0  133.51  1918 1968 2018 2068  926 976 1026 1076 -hsync +vsync (64.6 kHz eP)
[    12.047] (II) vmware(0): Modeline "2560x1600"x60.0  348.50  2560 2752 3032 3504  1600 1603 1609 1658 -hsync +vsync (99.5 kHz e)
[    12.047] (II) vmware(0): Modeline "1920x1440"x60.0  234.00  1920 2048 2256 2600  1440 1441 1444 1500 -hsync +vsync (90.0 kHz e)
[    12.047] (II) vmware(0): Modeline "1856x1392"x60.0  218.25  1856 1952 2176 2528  1392 1393 1396 1439 -hsync +vsync (86.3 kHz e)
[    12.047] (II) vmware(0): Modeline "1792x1344"x60.0  204.75  1792 1920 2120 2448  1344 1345 1348 1394 -hsync +vsync (83.6 kHz e)
[    12.047] (II) vmware(0): Modeline "1920x1200"x59.9  193.25  1920 2056 2256 2592  1200 1203 1209 1245 -hsync +vsync (74.6 kHz e)
[    12.047] (II) vmware(0): Modeline "1600x1200"x60.0  162.00  1600 1664 1856 2160  1200 1201 1204 1250 +hsync +vsync (75.0 kHz e)
[    12.047] (II) vmware(0): Modeline "1680x1050"x60.0  146.25  1680 1784 1960 2240  1050 1053 1059 1089 -hsync +vsync (65.3 kHz e)
[    12.047] (II) vmware(0): Modeline "1400x1050"x60.0  121.75  1400 1488 1632 1864  1050 1053 1057 1089 -hsync +vsync (65.3 kHz e)
[    12.047] (II) vmware(0): Modeline "1280x1024"x60.0  108.00  1280 1328 1440 1688  1024 1025 1028 1066 +hsync +vsync (64.0 kHz e)
[    12.047] (II) vmware(0): Modeline "1440x900"x59.9  106.50  1440 1520 1672 1904  900 903 909 934 -hsync +vsync (55.9 kHz e)
[    12.047] (II) vmware(0): Modeline "1280x960"x60.0  108.00  1280 1376 1488 1800  960 961 964 1000 +hsync +vsync (60.0 kHz e)
[    12.047] (II) vmware(0): Modeline "1360x768"x60.0   85.50  1360 1424 1536 1792  768 771 777 795 +hsync +vsync (47.7 kHz e)
[    12.047] (II) vmware(0): Modeline "1280x800"x59.8   83.50  1280 1352 1480 1680  800 803 809 831 +hsync -vsync (49.7 kHz e)
[    12.047] (II) vmware(0): Modeline "1152x864"x75.0  108.00  1152 1216 1344 1600  864 865 868 900 +hsync +vsync (67.5 kHz e)
[    12.047] (II) vmware(0): Modeline "1280x768"x59.9   79.50  1280 1344 1472 1664  768 771 778 798 -hsync +vsync (47.8 kHz e)
[    12.047] (II) vmware(0): Modeline "1024x768"x60.0   65.00  1024 1048 1184 1344  768 771 777 806 -hsync -vsync (48.4 kHz e)
[    12.047] (II) vmware(0): Modeline "800x600"x60.3   40.00  800 840 968 1056  600 601 605 628 +hsync +vsync (37.9 kHz e)
[    12.047] (II) vmware(0): Modeline "640x480"x59.9   25.18  640 656 752 800  480 489 492 525 -hsync -vsync (31.5 kHz e)
[    12.048] (II) vmware(0): EDID for output Virtual2
[    12.048] (II) vmware(0): EDID for output Virtual3
[    12.048] (II) vmware(0): EDID for output Virtual4
[    12.048] (II) vmware(0): EDID for output Virtual5
[    12.048] (II) vmware(0): EDID for output Virtual6
[    12.048] (II) vmware(0): EDID for output Virtual7
[    12.048] (II) vmware(0): EDID for output Virtual8
[    12.048] (II) vmware(0): Output Virtual1 connected
[    12.048] (II) vmware(0): Output Virtual2 disconnected
[    12.048] (II) vmware(0): Output Virtual3 disconnected
[    12.048] (II) vmware(0): Output Virtual4 disconnected
[    12.048] (II) vmware(0): Output Virtual5 disconnected
[    12.048] (II) vmware(0): Output Virtual6 disconnected
[    12.048] (II) vmware(0): Output Virtual7 disconnected
[    12.048] (II) vmware(0): Output Virtual8 disconnected
[    12.048] (II) vmware(0): Using exact sizes for initial modes
[    12.048] (II) vmware(0): Output Virtual1 using initial mode 1918x926 +0+0
[    12.048] (==) vmware(0): DPI set to (96, 96)
[    12.048] (==) vmware(0): Using gamma correction (1.0, 1.0, 1.0)
[    12.048] (II) Loading sub module "fb"
[    12.048] (II) LoadModule: "fb"
[    12.048] (II) Loading /usr/lib/xorg/modules/libfb.so
[    12.050] (II) Module fb: vendor="X.Org Foundation"
[    12.050] 	compiled for 1.20.11, module version = 1.0.0
[    12.050] 	ABI class: X.Org ANSI C Emulation, version 0.4
[    12.050] (II) Loading sub module "dri2"
[    12.050] (II) LoadModule: "dri2"
[    12.050] (II) Module "dri2" already built-in
[    12.050] (II) Loading sub module "dri3"
[    12.050] (II) LoadModule: "dri3"
[    12.050] (II) Module "dri3" already built-in
[    12.050] (II) UnloadModule: "modesetting"
[    12.050] (II) Unloading modesetting
[    12.050] (II) UnloadModule: "fbdev"
[    12.050] (II) Unloading fbdev
[    12.050] (II) UnloadSubModule: "fbdevhw"
[    12.050] (II) Unloading fbdevhw
[    12.050] (II) UnloadModule: "vesa"
[    12.050] (II) Unloading vesa
[    12.052] (II) vmware(0): Initialized VMWARE_CTRL extension version 0.2
[    12.056] (WW) vmware(0): Failed to initialize Gallium3D Xa. No render acceleration available.
[    12.056] (WW) vmware(0): Skipped initialization of direct rendering due to lack of render acceleration.
[    12.056] (--) vmware(0): Render acceleration is disabled.
[    12.056] (==) vmware(0): Rendercheck mode is disabled.
[    12.056] (--) vmware(0): Direct rendering (DRI2 3D) is disabled.
[    12.056] (--) vmware(0): Direct rendering (DRI3 3D) is disabled.
[    12.056] (==) vmware(0): Backing store enabled
[    12.056] (==) vmware(0): Silken mouse enabled
[    12.058] (==) vmware(0): DPMS enabled
[    12.058] (II) vmware(0): No 3D acceleration. Not setting up textured video.
[    12.058] (II) Initializing extension Generic Event Extension
[    12.058] (II) Initializing extension SHAPE
[    12.058] (II) Initializing extension MIT-SHM
[    12.058] (II) Initializing extension XInputExtension
[    12.061] (II) Initializing extension XTEST
[    12.061] (II) Initializing extension BIG-REQUESTS
[    12.061] (II) Initializing extension SYNC
[    12.061] (II) Initializing extension XKEYBOARD
[    12.061] (II) Initializing extension XC-MISC
[    12.062] (II) Initializing extension SECURITY
[    12.062] (II) Initializing extension XFIXES
[    12.062] (II) Initializing extension RENDER
[    12.062] (II) Initializing extension RANDR
[    12.062] (II) Initializing extension COMPOSITE
[    12.062] (II) Initializing extension DAMAGE
[    12.062] (II) Initializing extension MIT-SCREEN-SAVER
[    12.062] (II) Initializing extension DOUBLE-BUFFER
[    12.062] (II) Initializing extension RECORD
[    12.063] (II) Initializing extension DPMS
[    12.063] (II) Initializing extension Present
[    12.063] (II) Initializing extension DRI3
[    12.063] (II) Initializing extension X-Resource
[    12.063] (II) Initializing extension XVideo
[    12.063] (II) Initializing extension XVideo-MotionCompensation
[    12.063] (II) Initializing extension SELinux
[    12.063] (II) SELinux: Disabled on system
[    12.063] (II) Initializing extension GLX
[    12.064] (II) AIGLX: Screen 0 is not DRI2 capable
[    12.074] (II) IGLX: Loaded and initialized swrast
[    12.075] (II) GLX: Initialized DRISWRAST GL provider for screen 0
[    12.075] (II) Initializing extension XFree86-VidModeExtension
[    12.075] (II) Initializing extension XFree86-DGA
[    12.075] (II) Initializing extension XFree86-DRI
[    12.075] (II) Initializing extension DRI2
[    12.095] (II) vmware(0): Setting screen physical size to 507 x 245
[    12.149] (II) config/udev: Adding input device Power Button (/dev/input/event0)
[    12.149] (**) Power Button: Applying InputClass "libinput keyboard catchall"
[    12.149] (II) LoadModule: "libinput"
[    12.151] (II) Loading /usr/lib/xorg/modules/input/libinput_drv.so
[    12.153] (II) Module libinput: vendor="X.Org Foundation"
[    12.153] 	compiled for 1.20.4, module version = 0.29.0
[    12.153] 	Module class: X.Org XInput Driver
[    12.154] 	ABI class: X.Org XInput driver, version 24.1
[    12.154] (II) Using input driver 'libinput' for 'Power Button'
[    12.154] (II) systemd-logind: got fd for /dev/input/event0 13:64 fd 20 paused 0
[    12.155] (**) Power Button: always reports core events
[    12.155] (**) Option "Device" "/dev/input/event0"
[    12.155] (**) Option "_source" "server/udev"
[    12.159] (II) event0  - Power Button: is tagged by udev as: Keyboard
[    12.159] (II) event0  - Power Button: device is a keyboard
[    12.159] (II) event0  - Power Button: device removed
[    12.159] (**) Option "config_info" "udev:/sys/devices/LNXSYSTM:00/LNXPWRBN:00/input/input0/event0"
[    12.159] (II) XINPUT: Adding extended input device "Power Button" (type: KEYBOARD, id 6)
[    12.159] (**) Option "xkb_model" "SKIP"
[    12.160] (**) Option "xkb_layout" "us"
[    12.189] (II) event0  - Power Button: is tagged by udev as: Keyboard
[    12.189] (II) event0  - Power Button: device is a keyboard
[    12.189] (II) config/udev: Adding input device VMware VMware Virtual USB Mouse (/dev/input/event4)
[    12.189] (**) VMware VMware Virtual USB Mouse: Applying InputClass "libinput pointer catchall"
[    12.189] (II) Using input driver 'libinput' for 'VMware VMware Virtual USB Mouse'
[    12.842] (II) systemd-logind: got fd for /dev/input/event4 13:68 fd 23 paused 0
[    12.842] (**) VMware VMware Virtual USB Mouse: always reports core events
[    12.842] (**) Option "Device" "/dev/input/event4"
[    12.842] (**) Option "_source" "server/udev"
[    12.843] (II) event4  - VMware VMware Virtual USB Mouse: is tagged by udev as: Mouse
[    12.843] (II) event4  - VMware VMware Virtual USB Mouse: device is a pointer
[    12.843] (II) event4  - VMware VMware Virtual USB Mouse: device removed
[    12.843] (**) Option "config_info" "udev:/sys/devices/pci0000:00/0000:00:11.0/0000:02:00.0/usb2/2-1/2-1:1.0/0003:0E0F:0003.0001/input/input5/event4"
[    12.843] (II) XINPUT: Adding extended input device "VMware VMware Virtual USB Mouse" (type: MOUSE, id 7)
[    12.843] (**) Option "AccelerationScheme" "none"
[    12.843] (**) VMware VMware Virtual USB Mouse: (accel) selected scheme none/0
[    12.843] (**) VMware VMware Virtual USB Mouse: (accel) acceleration factor: 2.000
[    12.843] (**) VMware VMware Virtual USB Mouse: (accel) acceleration threshold: 4
[    12.844] (II) event4  - VMware VMware Virtual USB Mouse: is tagged by udev as: Mouse
[    12.844] (II) event4  - VMware VMware Virtual USB Mouse: device is a pointer
[    12.845] (II) config/udev: Adding input device VMware VMware Virtual USB Mouse (/dev/input/mouse2)
[    12.845] (II) No input driver specified, ignoring this device.
[    12.845] (II) This device may have been added with another device file.
[    12.846] (II) config/udev: Adding input device AT Translated Set 2 keyboard (/dev/input/event1)
[    12.846] (**) AT Translated Set 2 keyboard: Applying InputClass "libinput keyboard catchall"
[    12.846] (II) Using input driver 'libinput' for 'AT Translated Set 2 keyboard'
[    12.848] (II) systemd-logind: got fd for /dev/input/event1 13:65 fd 24 paused 0
[    12.848] (**) AT Translated Set 2 keyboard: always reports core events
[    12.848] (**) Option "Device" "/dev/input/event1"
[    12.848] (**) Option "_source" "server/udev"
[    12.849] (II) event1  - AT Translated Set 2 keyboard: is tagged by udev as: Keyboard
[    12.850] (II) event1  - AT Translated Set 2 keyboard: device is a keyboard
[    12.850] (II) event1  - AT Translated Set 2 keyboard: device removed
[    12.850] (**) Option "config_info" "udev:/sys/devices/platform/i8042/serio0/input/input1/event1"
[    12.850] (II) XINPUT: Adding extended input device "AT Translated Set 2 keyboard" (type: KEYBOARD, id 8)
[    12.850] (**) Option "xkb_model" "SKIP"
[    12.850] (**) Option "xkb_layout" "us"
[    12.851] (II) event1  - AT Translated Set 2 keyboard: is tagged by udev as: Keyboard
[    12.851] (II) event1  - AT Translated Set 2 keyboard: device is a keyboard
[    12.852] (II) config/udev: Adding input device VirtualPS/2 VMware VMMouse (/dev/input/event3)
[    12.852] (**) VirtualPS/2 VMware VMMouse: Applying InputClass "libinput pointer catchall"
[    12.852] (II) Using input driver 'libinput' for 'VirtualPS/2 VMware VMMouse'
[    12.852] (II) systemd-logind: got fd for /dev/input/event3 13:67 fd 25 paused 0
[    12.852] (**) VirtualPS/2 VMware VMMouse: always reports core events
[    12.852] (**) Option "Device" "/dev/input/event3"
[    12.852] (**) Option "_source" "server/udev"
[    12.853] (II) event3  - VirtualPS/2 VMware VMMouse: is tagged by udev as: Mouse
[    12.853] (II) event3  - VirtualPS/2 VMware VMMouse: device is a pointer
[    12.854] (II) event3  - VirtualPS/2 VMware VMMouse: device removed
[    12.854] (**) Option "config_info" "udev:/sys/devices/platform/i8042/serio1/input/input3/event3"
[    12.854] (II) XINPUT: Adding extended input device "VirtualPS/2 VMware VMMouse" (type: MOUSE, id 9)
[    12.854] (**) Option "AccelerationScheme" "none"
[    12.854] (**) VirtualPS/2 VMware VMMouse: (accel) selected scheme none/0
[    12.854] (**) VirtualPS/2 VMware VMMouse: (accel) acceleration factor: 2.000
[    12.854] (**) VirtualPS/2 VMware VMMouse: (accel) acceleration threshold: 4
[    12.855] (II) event3  - VirtualPS/2 VMware VMMouse: is tagged by udev as: Mouse
[    12.855] (II) event3  - VirtualPS/2 VMware VMMouse: device is a pointer
[    12.855] (II) config/udev: Adding input device VirtualPS/2 VMware VMMouse (/dev/input/mouse1)
[    12.855] (II) No input driver specified, ignoring this device.
[    12.856] (II) This device may have been added with another device file.
[    12.856] (II) config/udev: Adding input device VirtualPS/2 VMware VMMouse (/dev/input/event2)
[    12.856] (**) VirtualPS/2 VMware VMMouse: Applying InputClass "libinput pointer catchall"
[    12.856] (II) Using input driver 'libinput' for 'VirtualPS/2 VMware VMMouse'
[    12.856] (II) systemd-logind: got fd for /dev/input/event2 13:66 fd 26 paused 0
[    12.857] (**) VirtualPS/2 VMware VMMouse: always reports core events
[    12.857] (**) Option "Device" "/dev/input/event2"
[    12.857] (**) Option "_source" "server/udev"
[    12.858] (II) event2  - VirtualPS/2 VMware VMMouse: is tagged by udev as: Mouse
[    12.858] (II) event2  - VirtualPS/2 VMware VMMouse: device is a pointer
[    12.858] (II) event2  - VirtualPS/2 VMware VMMouse: device removed
[    12.858] (**) Option "config_info" "udev:/sys/devices/platform/i8042/serio1/input/input4/event2"
[    12.858] (II) XINPUT: Adding extended input device "VirtualPS/2 VMware VMMouse" (type: MOUSE, id 10)
[    12.858] (**) Option "AccelerationScheme" "none"
[    12.858] (**) VirtualPS/2 VMware VMMouse: (accel) selected scheme none/0
[    12.858] (**) VirtualPS/2 VMware VMMouse: (accel) acceleration factor: 2.000
[    12.858] (**) VirtualPS/2 VMware VMMouse: (accel) acceleration threshold: 4
[    12.859] (II) event2  - VirtualPS/2 VMware VMMouse: is tagged by udev as: Mouse
[    12.859] (II) event2  - VirtualPS/2 VMware VMMouse: device is a pointer
[    12.860] (II) config/udev: Adding input device VirtualPS/2 VMware VMMouse (/dev/input/mouse0)
[    12.860] (II) No input driver specified, ignoring this device.
[    12.860] (II) This device may have been added with another device file.
[    27.000] (!!) vmware(0): New layout.
[    27.000] (!!) vmware(0): 0: 0 0 800 595
[    27.000] (!!) vmware(0): 
[  1265.831] (!!) vmware(0): New layout.
[  1265.831] (!!) vmware(0): 0: 0 0 800 584
[  1265.831] (!!) vmware(0): 
[  1276.082] (!!) vmware(0): New layout.
[  1276.082] (!!) vmware(0): 0: 0 0 1918 926
[  1276.082] (!!) vmware(0): 
[  1276.086] (EE) No surface to present from.
[  1325.511] (!!) vmware(0): New layout.
[  1325.511] (!!) vmware(0): 0: 0 0 800 584
[  1325.511] (!!) vmware(0): 
